0 info it worked if it ends with ok
1 verbose cli [ '/usr/local/Cellar/node/5.4.0/bin/node',
1 verbose cli   '/usr/local/bin/npm',
1 verbose cli   'publish' ]
2 info using npm@3.3.12
3 info using node@v5.4.0
4 verbose publish [ '.' ]
5 silly cache add args [ '.', null ]
6 verbose cache add spec .
7 silly cache add parsed spec Result {
7 silly cache add   raw: '.',
7 silly cache add   scope: null,
7 silly cache add   name: null,
7 silly cache add   rawSpec: '.',
7 silly cache add   spec: '/Users/will/dev/wslib',
7 silly cache add   type: 'directory' }
8 verbose addLocalDirectory /Users/will/.npm/wayneshorter/0.1.0/package.tgz not in flight; packing
9 info lifecycle wayneshorter@0.1.0~prepublish: wayneshorter@0.1.0
10 silly lifecycle wayneshorter@0.1.0~prepublish: no script for prepublish, continuing
11 verbose tar pack [ '/Users/will/.npm/wayneshorter/0.1.0/package.tgz',
11 verbose tar pack   '/Users/will/dev/wslib' ]
12 verbose tarball /Users/will/.npm/wayneshorter/0.1.0/package.tgz
13 verbose folder /Users/will/dev/wslib
14 verbose addLocalTarball adding from inside cache /Users/will/.npm/wayneshorter/0.1.0/package.tgz
15 silly cache afterAdd wayneshorter@0.1.0
16 verbose afterAdd /Users/will/.npm/wayneshorter/0.1.0/package/package.json not in flight; writing
17 verbose afterAdd /Users/will/.npm/wayneshorter/0.1.0/package/package.json written
18 silly publish { name: 'wayneshorter',
18 silly publish   version: '0.1.0',
18 silly publish   author: { name: '@willricketts' },
18 silly publish   repository:
18 silly publish    { type: 'git',
18 silly publish      url: 'git+ssh://git@github.com/willricketts/wayneshorter-wrapper.git' },
18 silly publish   bugs: { url: 'https://github.com/willricketts/wayneshorter-wrapper/issues' },
18 silly publish   homepage: 'https://github.com/willricketts/wayneshorter-wrapper#readme',
18 silly publish   description: 'API wrapper for WayneShorter link shortening service',
18 silly publish   main: 'index.js',
18 silly publish   scripts: { test: 'mocha' },
18 silly publish   keywords:
18 silly publish    [ 'link',
18 silly publish      'shortener',
18 silly publish      'url',
18 silly publish      'tiny',
18 silly publish      'link',
18 silly publish      'shortlink',
18 silly publish      'wayneshorter' ],
18 silly publish   license: 'GPL-3.0',
18 silly publish   dependencies: { request: '^2.67.0', 'valid-url': '^1.0.9' },
18 silly publish   devDependencies: { chai: '^3.4.1', mocha: '^2.3.4', sinon: '^1.17.2' },
18 silly publish   readme: '# WayneShorter API Wrapper [![Build Status](https://travis-ci.org/willricketts/wayneshorter-wrapper.svg?branch=master)](https://travis-ci.org/willricketts/wayneshorter-wrapper)\n\nSimple library for using the [WayneShorter](http://shrtr.in) API to generate shortened URLs.\n\n## Installation\n```\nnpm install wayneshorter --save\n```\n\n## Usage\n```\nvar wayneshorter = require(\'wayneshorter\');\nwayneshorter.shorten(\'http://google.com\', function(err, result) {\n  // PARSED RESULT OBJECT\n});\n```\n\n## Example Output\n\n```\n{\n  payload: "http://google.com",\n  identifier: "4krJVcnux",\n  shortlink: "http://shrtr.in/4krJVcnux"}  \n}\n```',
18 silly publish   readmeFilename: 'README.md',
18 silly publish   gitHead: '0213b36d7fe467321762f9193b78a5ca297254dd',
18 silly publish   _id: 'wayneshorter@0.1.0',
18 silly publish   _shasum: '66e0275d194ac1bd3fd4ba5e0111043cefce75c3',
18 silly publish   _from: '.' }
19 verbose getPublishConfig undefined
20 silly mapToRegistry name wayneshorter
21 silly mapToRegistry using default registry
22 silly mapToRegistry registry https://registry.npmjs.org/
23 silly mapToRegistry uri https://registry.npmjs.org/wayneshorter
24 verbose publish registryBase https://registry.npmjs.org/
25 silly publish uploading /Users/will/.npm/wayneshorter/0.1.0/package.tgz
26 verbose request uri https://registry.npmjs.org/wayneshorter
27 verbose request sending authorization for write operation
28 info attempt registry request try #1 at 11:21:40 AM
29 verbose request using bearer token for auth
30 verbose request id 19d4b23253ce78e6
31 http request PUT https://registry.npmjs.org/wayneshorter
32 http 403 https://registry.npmjs.org/wayneshorter
33 verbose headers { 'content-type': 'application/json',
33 verbose headers   'cache-control': 'max-age=300',
33 verbose headers   'content-length': '95',
33 verbose headers   'accept-ranges': 'bytes',
33 verbose headers   date: 'Sat, 23 Jan 2016 16:21:41 GMT',
33 verbose headers   via: '1.1 varnish',
33 verbose headers   connection: 'keep-alive',
33 verbose headers   'x-served-by': 'cache-atl6231-ATL',
33 verbose headers   'x-cache': 'MISS',
33 verbose headers   'x-cache-hits': '0',
33 verbose headers   'x-timer': 'S1453566100.811474,VS0,VE732' }
34 verbose request invalidating /Users/will/.npm/registry.npmjs.org/wayneshorter on PUT
35 error publish Failed PUT 403
36 verbose stack Error: "You cannot publish over the previously published version 0.1.0." : wayneshorter
36 verbose stack     at makeError (/usr/local/lib/node_modules/npm/node_modules/npm-registry-client/lib/request.js:264:12)
36 verbose stack     at CachingRegistryClient.<anonymous> (/usr/local/lib/node_modules/npm/node_modules/npm-registry-client/lib/request.js:252:14)
36 verbose stack     at Request._callback (/usr/local/lib/node_modules/npm/node_modules/npm-registry-client/lib/request.js:172:14)
36 verbose stack     at Request.self.callback (/usr/local/lib/node_modules/npm/node_modules/request/request.js:198:22)
36 verbose stack     at emitTwo (events.js:87:13)
36 verbose stack     at Request.emit (events.js:172:7)
36 verbose stack     at Request.<anonymous> (/usr/local/lib/node_modules/npm/node_modules/request/request.js:1082:10)
36 verbose stack     at emitOne (events.js:82:20)
36 verbose stack     at Request.emit (events.js:169:7)
36 verbose stack     at IncomingMessage.<anonymous> (/usr/local/lib/node_modules/npm/node_modules/request/request.js:1009:12)
37 verbose statusCode 403
38 verbose pkgid wayneshorter
39 verbose cwd /Users/will/dev/wslib
40 error Darwin 15.2.0
41 error argv "/usr/local/Cellar/node/5.4.0/bin/node" "/usr/local/bin/npm" "publish"
42 error node v5.4.0
43 error npm  v3.3.12
44 error code E403
45 error "You cannot publish over the previously published version 0.1.0." : wayneshorter
46 error If you need help, you may report this error at:
46 error     <https://github.com/npm/npm/issues>
47 verbose exit [ 1, true ]
